Script started on Thu May 17 20:55:15 2018
   [1;36m: [1;37mLoading /src/plan.sh[0m
   [1;36mterraform: [1;37mPlan loaded[0m
   [1;36mterraform: [1;37mValidating plan metadata[0m
   [1;36mterraform: [1;37mUsing HAB_BIN=/hab/pkgs/core/hab/0.55.0/20180321220925/bin/hab for installs, signing, and hashing[0m
   [1;36mterraform: [1;37mhab-plan-build setup[0m
   [1;36mterraform: [1;37mWriting pre_build file[0m
   [1;36mterraform: [1;37mResolving build dependencies[0m
[1;33m» Installing core/unzip from channel 'stable'[0m
[1;32m☛ Verifying[0m core/unzip/6.0/20180310001951
[1;32m→ Using[0m core/bzip2/1.0.6/20170513212938
[1;32m→ Using[0m core/glibc/2.22/20170513201042
[1;32m→ Using[0m core/linux-headers/4.3/20170513200956
[1;32m✓ Installed[0m core/unzip/6.0/20180310001951
[1;34m★ Install of core/unzip/6.0/20180310001951 complete with 1 new packages installed.[0m
   [1;36mterraform: [1;37mResolved build dependency 'core/unzip' to /hab/pkgs/core/unzip/6.0/20180310001951[0m
   [1;36mterraform: [1;37mResolving run dependencies[0m
   [1;36mterraform: [1;37mSetting up environment[0m
   [1;36mterraform: [1;37mPopulating runtime environment from dependencies[0m
   [1;36mterraform: [1;37mPopulating buildtime environment from dependencies[0m
   [1;36mterraform: [1;37mLayering runtime environment on top of system environment[0m
   [1;36mterraform: [1;37mValue of PATH is /hab/pkgs/core/hab-plan-build/0.55.0/20180321222204/bin:/hab/pkgs/core/xz/5.2.2/20170513214327/bin:/hab/pkgs/core/glibc/2.22/20170513201042/bin:/hab/pkgs/core/wget/1.19.1/20171024102323/bin:/hab/pkgs/core/openssl/1.0.2l/20171014213633/bin:/hab/pkgs/core/libidn/1.32/20170513215043/bin:/hab/pkgs/core/unzip/6.0/20180301000848/bin:/hab/pkgs/core/bzip2/1.0.6/20170513212938/bin:/hab/pkgs/core/tar/1.29/20170513213607/bin:/hab/pkgs/core/attr/2.4.47/20170513213059/bin:/hab/pkgs/core/acl/2.2.52/20170513213108/bin:/hab/pkgs/core/sed/4.2.2/20170513213123/bin:/hab/pkgs/core/rq/0.9.2/20170612005822/bin:/hab/pkgs/core/hab/0.55.0/20180321220925/bin:/hab/pkgs/core/gzip/1.6/20170513214605/bin:/hab/pkgs/core/pcre/8.38/20170513213423/bin:/hab/pkgs/core/ncurses/6.0/20170513213009/bin:/hab/pkgs/core/less/481/20170513213936/bin:/hab/pkgs/core/grep/2.22/20170513213444/bin:/hab/pkgs/core/gawk/4.1.3/20170513213646/bin:/hab/pkgs/core/findutils/4.4.2/20170513214305/bin:/hab/pkgs/core/file/5.24/20170513201915/bin:/hab/pkgs/core/coreutils/8.25/20170513213226/bin:/hab/pkgs/core/libcap/2.24/20170513213120/bin:/hab/pkgs/core/binutils/2.25.1/20170513201927/bin:/hab/pkgs/core/bash/4.3.42/20170513213519/bin[0m
   [1;36mterraform: [1;37mLayering buildtime environment on top of system environment[0m
mkdir: created directory '/hab/cache/src'
   [1;36mterraform: [1;37mDownloading 'https://releases.hashicorp.com/terraform/0.11.7/terraform_0.11.7_linux_amd64.zip' to 'terraform-0.11.7_linux_amd64.zip'[0m
--2018-05-17 20:55:15--  https://releases.hashicorp.com/terraform/0.11.7/terraform_0.11.7_linux_amd64.zip
Resolving releases.hashicorp.com... 2a04:4e42:6::439, 151.101.25.183
Connecting to releases.hashicorp.com|2a04:4e42:6::439|:443... connected.
HTTP request sent, awaiting response... 200 OK
Length: 16490308 (16M) [application/zip]
Saving to: 'terraform-0.11.7_linux_amd64.zip'

          terraform   0%[                    ]       0  --.-KB/s                        terraform-   1%[                    ] 231.47K  1.10MB/s                       terraform-0   4%[                    ] 695.47K  1.67MB/s                      terraform-0.   7%[>                   ]   1.24M  2.04MB/s                     terraform-0.1  12%[=>                  ]   1.94M  2.41MB/s                    terraform-0.11  17%[==>                 ]   2.80M  2.78MB/s                   terraform-0.11.  24%[===>                ]   3.88M  3.21MB/s                  terraform-0.11.7  33%[=====>              ]   5.21M  3.69MB/s                 terraform-0.11.7_  43%[=======>            ]   6.85M  4.25MB/s                terraform-0.11.7_l  56%[==========>         ]   8.89M  4.90MB/s               terraform-0.11.7_li  72%[=============>      ]  11.41M  5.66MB/s               erraform-0.11.7_lin  92%[=================>  ]  14.50M  6.55MB/s               terraform-0.11.7_li 100%[===================>]  15.73M  6.90MB/s    in 2.3s    

2018-05-17 20:55:18 (6.90 MB/s) - 'terraform-0.11.7_linux_amd64.zip' saved [16490308/16490308]

   [1;36mterraform: [1;37mDownloaded 'terraform-0.11.7_linux_amd64.zip'[0m
   [1;36mterraform: [1;37mVerifying terraform-0.11.7_linux_amd64.zip[0m
   [1;36mterraform: [1;33mWARN [1;37mChecksum invalid for terraform-0.11.7_linux_amd64.zip:[0m
   [1;36mterraform: [1;33mWARN [1;37m   Expected: TODO[0m
   [1;36mterraform: [1;33mWARN [1;37m   Computed: 6b8ce67647a59b2a3f70199c304abca0ddec0e49fd060944c26f666298e23418[0m
   [1;36mterraform: [1;37mBuild time: 0m3s[0m
   [1;36mterraform: [1;31mExiting on error[0m

Script done on Thu May 17 20:55:18 2018
